<?xml version='1.0' encoding='UTF-8'?>
<repository xmlns="http://www.osgi.org/xmlns/repository/v1.0.0" name="TRR" increment="1525730161766">
  <resource>
    <capability namespace="osgi.identity">
      <attribute name="osgi.identity" value="com.fdc.TRR"/>
      <attribute name="type" value="osgi.bundle"/>
      <attribute name="version" value="1.0.0" type="Version"/>
    </capability>
    <capability namespace="osgi.wiring.bundle">
      <attribute name="bundle-version" value="1.0.0" type="Version"/>
      <attribute name="osgi.wiring.bundle" value="com.fdc.TRR"/>
    </capability>
    <capability namespace="osgi.wiring.host">
      <attribute name="bundle-version" value="1.0.0" type="Version"/>
      <attribute name="osgi.wiring.host" value="com.fdc.TRR"/>
    </capability>
    <capability namespace="osgi.content">
      <attribute name="size" value="3584" type="Long"/>
      <attribute name="url" value="file:/C:/Users/f13grnl/osgi/trr/microservices/RCTRR/TRR/target/TRR-1.0.0.jar"/>
      <attribute name="mime" value="application/vnd.osgi.bundle"/>
      <attribute name="osgi.content" value="6CDA6052958D4E0C2324BA6CB2AAA62AEF9CB3B455BAF2B9DAF4322D5C797BCE"/>
    </capability>
    <requirement namespace="osgi.extender">
      <directive name="filter" value="(&amp;(osgi.extender=osgi.configurator)(&amp;(version&gt;=1.0.0)(!(version&gt;=2.0.0))))"/>
    </requirement>
    <requirement namespace="osgi.ee">
      <directive name="filter" value="(&amp;(osgi.ee=JavaSE)(version=1.8))"/>
    </requirement>
  </resource>
</repository>
